\BOOKMARK [0][-]{chapter.1}{Analysis}{}% 1
\BOOKMARK [1][-]{section.1.1}{Introduction}{chapter.1}% 2
\BOOKMARK [2][-]{subsection.1.1.1}{Client Identification}{section.1.1}% 3
\BOOKMARK [2][-]{subsection.1.1.2}{Define the current system}{section.1.1}% 4
\BOOKMARK [2][-]{subsection.1.1.3}{Describe the problems}{section.1.1}% 5
\BOOKMARK [2][-]{subsection.1.1.4}{Section appendix}{section.1.1}% 6
\BOOKMARK [1][-]{section.1.2}{Investigation}{chapter.1}% 7
\BOOKMARK [2][-]{subsection.1.2.1}{The current system}{section.1.2}% 8
\BOOKMARK [2][-]{subsection.1.2.2}{The proposed system}{section.1.2}% 9
\BOOKMARK [1][-]{section.1.3}{Objectives}{chapter.1}% 10
\BOOKMARK [2][-]{subsection.1.3.1}{General Objectives}{section.1.3}% 11
\BOOKMARK [2][-]{subsection.1.3.2}{Specific Objectives}{section.1.3}% 12
\BOOKMARK [2][-]{subsection.1.3.3}{Core Objectives}{section.1.3}% 13
\BOOKMARK [2][-]{subsection.1.3.4}{Other Objectives}{section.1.3}% 14
\BOOKMARK [1][-]{section.1.4}{ER Diagrams and Descriptions}{chapter.1}% 15
\BOOKMARK [2][-]{subsection.1.4.1}{ER Diagram}{section.1.4}% 16
\BOOKMARK [2][-]{subsection.1.4.2}{Entity Descriptions}{section.1.4}% 17
\BOOKMARK [1][-]{section.1.5}{Object Analysis}{chapter.1}% 18
\BOOKMARK [2][-]{subsection.1.5.1}{Object Listing}{section.1.5}% 19
\BOOKMARK [2][-]{subsection.1.5.2}{Relationship diagrams}{section.1.5}% 20
\BOOKMARK [2][-]{subsection.1.5.3}{Class definitions}{section.1.5}% 21
\BOOKMARK [1][-]{section.1.6}{Other Abstractions and Graphs}{chapter.1}% 22
\BOOKMARK [1][-]{section.1.7}{Constraints}{chapter.1}% 23
\BOOKMARK [2][-]{subsection.1.7.1}{Hardware}{section.1.7}% 24
\BOOKMARK [2][-]{subsection.1.7.2}{Software}{section.1.7}% 25
\BOOKMARK [2][-]{subsection.1.7.3}{Time}{section.1.7}% 26
\BOOKMARK [2][-]{subsection.1.7.4}{User Knowledge}{section.1.7}% 27
\BOOKMARK [2][-]{subsection.1.7.5}{Access restrictions}{section.1.7}% 28
\BOOKMARK [1][-]{section.1.8}{Limitations}{chapter.1}% 29
\BOOKMARK [2][-]{subsection.1.8.1}{Areas which will not be included in computerisation}{section.1.8}% 30
\BOOKMARK [2][-]{subsection.1.8.2}{Areas considered for future computerisation}{section.1.8}% 31
\BOOKMARK [1][-]{section.1.9}{Solutions}{chapter.1}% 32
\BOOKMARK [2][-]{subsection.1.9.1}{Alternative solutions}{section.1.9}% 33
\BOOKMARK [2][-]{subsection.1.9.2}{Justification of chosen solution}{section.1.9}% 34
\BOOKMARK [0][-]{chapter.2}{Design}{}% 35
\BOOKMARK [1][-]{section.2.1}{Overall System Design}{chapter.2}% 36
\BOOKMARK [2][-]{subsection.2.1.1}{Short description of the main parts of the system}{section.2.1}% 37
\BOOKMARK [2][-]{subsection.2.1.2}{System flowcharts showing an overview of the complete system}{section.2.1}% 38
\BOOKMARK [1][-]{section.2.2}{User Interface Designs}{chapter.2}% 39
\BOOKMARK [1][-]{section.2.3}{Hardware Specification}{chapter.2}% 40
\BOOKMARK [1][-]{section.2.4}{Program Structure}{chapter.2}% 41
\BOOKMARK [2][-]{subsection.2.4.1}{Top-down design structure charts}{section.2.4}% 42
\BOOKMARK [2][-]{subsection.2.4.2}{Algorithms in pseudo-code for each data transformation process}{section.2.4}% 43
\BOOKMARK [2][-]{subsection.2.4.3}{Object Diagrams}{section.2.4}% 44
\BOOKMARK [2][-]{subsection.2.4.4}{Class Definitions}{section.2.4}% 45
\BOOKMARK [1][-]{section.2.5}{Prototyping}{chapter.2}% 46
\BOOKMARK [1][-]{section.2.6}{Definition of Data Requirements}{chapter.2}% 47
\BOOKMARK [2][-]{subsection.2.6.1}{Identification of all data input items}{section.2.6}% 48
\BOOKMARK [2][-]{subsection.2.6.2}{Identification of all data output items}{section.2.6}% 49
\BOOKMARK [2][-]{subsection.2.6.3}{Explanation of how data output items are generated}{section.2.6}% 50
\BOOKMARK [2][-]{subsection.2.6.4}{Data Dictionary}{section.2.6}% 51
\BOOKMARK [2][-]{subsection.2.6.5}{Identification of appropriate storage media}{section.2.6}% 52
\BOOKMARK [1][-]{section.2.7}{Database Design}{chapter.2}% 53
\BOOKMARK [2][-]{subsection.2.7.1}{Normalisation}{section.2.7}% 54
\BOOKMARK [2][-]{subsection.2.7.2}{SQL Queries}{section.2.7}% 55
\BOOKMARK [1][-]{section.2.8}{Security and Integrity of the System and Data}{chapter.2}% 56
\BOOKMARK [2][-]{subsection.2.8.1}{Security and Integrity of Data}{section.2.8}% 57
\BOOKMARK [2][-]{subsection.2.8.2}{System Security}{section.2.8}% 58
\BOOKMARK [1][-]{section.2.9}{Validation}{chapter.2}% 59
\BOOKMARK [1][-]{section.2.10}{Testing}{chapter.2}% 60
\BOOKMARK [2][-]{subsection.2.10.1}{Outline Plan}{section.2.10}% 61
\BOOKMARK [2][-]{subsection.2.10.2}{Detailed Plan}{section.2.10}% 62
\BOOKMARK [0][-]{chapter.3}{Testing}{}% 63
\BOOKMARK [1][-]{section.3.1}{Test Plan}{chapter.3}% 64
\BOOKMARK [2][-]{subsection.3.1.1}{Original Outline Plan}{section.3.1}% 65
\BOOKMARK [2][-]{subsection.3.1.2}{Changes to Outline Plan}{section.3.1}% 66
\BOOKMARK [2][-]{subsection.3.1.3}{Original Detailed Plan}{section.3.1}% 67
\BOOKMARK [2][-]{subsection.3.1.4}{Retained Items From Detailed Plan}{section.3.1}% 68
\BOOKMARK [2][-]{subsection.3.1.5}{Changed Items From Detailed Plan}{section.3.1}% 69
\BOOKMARK [2][-]{subsection.3.1.6}{Removed Items From Detailed Plan}{section.3.1}% 70
\BOOKMARK [1][-]{section.3.2}{Test Data}{chapter.3}% 71
\BOOKMARK [2][-]{subsection.3.2.1}{Original Test Data}{section.3.2}% 72
\BOOKMARK [2][-]{subsection.3.2.2}{Changes to Test Data}{section.3.2}% 73
\BOOKMARK [1][-]{section.3.3}{Annotated Samples}{chapter.3}% 74
\BOOKMARK [2][-]{subsection.3.3.1}{Actual Results}{section.3.3}% 75
\BOOKMARK [2][-]{subsection.3.3.2}{Evidence}{section.3.3}% 76
\BOOKMARK [1][-]{section.3.4}{Evaluation}{chapter.3}% 77
\BOOKMARK [2][-]{subsection.3.4.1}{Approach to Testing}{section.3.4}% 78
\BOOKMARK [2][-]{subsection.3.4.2}{Problems Encountered}{section.3.4}% 79
\BOOKMARK [2][-]{subsection.3.4.3}{Strengths of Testing}{section.3.4}% 80
\BOOKMARK [2][-]{subsection.3.4.4}{Weaknesses of Testing}{section.3.4}% 81
\BOOKMARK [2][-]{subsection.3.4.5}{Reliability of Application}{section.3.4}% 82
\BOOKMARK [2][-]{subsection.3.4.6}{Robustness of Application}{section.3.4}% 83
\BOOKMARK [0][-]{chapter.4}{System Maintenance}{}% 84
\BOOKMARK [1][-]{section.4.1}{Environment}{chapter.4}% 85
\BOOKMARK [2][-]{subsection.4.1.1}{Software}{section.4.1}% 86
\BOOKMARK [2][-]{subsection.4.1.2}{Usage Explanation}{section.4.1}% 87
\BOOKMARK [2][-]{subsection.4.1.3}{Features Used}{section.4.1}% 88
\BOOKMARK [1][-]{section.4.2}{System Overview}{chapter.4}% 89
\BOOKMARK [2][-]{subsection.4.2.1}{General User Interface}{section.4.2}% 90
\BOOKMARK [2][-]{subsection.4.2.2}{Profile Tab User Interface}{section.4.2}% 91
\BOOKMARK [2][-]{subsection.4.2.3}{Editing Profile Table Information}{section.4.2}% 92
\BOOKMARK [2][-]{subsection.4.2.4}{Tricks Tab User Interface}{section.4.2}% 93
\BOOKMARK [2][-]{subsection.4.2.5}{Editing Trick Table Information}{section.4.2}% 94
\BOOKMARK [2][-]{subsection.4.2.6}{Skateparks Tab User Interface}{section.4.2}% 95
\BOOKMARK [2][-]{subsection.4.2.7}{Editing Skatepark Table Information}{section.4.2}% 96
\BOOKMARK [2][-]{subsection.4.2.8}{Reviews Tab User Interface}{section.4.2}% 97
\BOOKMARK [2][-]{subsection.4.2.9}{Editing Review Table Information}{section.4.2}% 98
\BOOKMARK [2][-]{subsection.4.2.10}{Support Tab User Interface}{section.4.2}% 99
\BOOKMARK [2][-]{subsection.4.2.11}{Reporting a Bug}{section.4.2}% 100
\BOOKMARK [1][-]{section.4.3}{Code Structure}{chapter.4}% 101
\BOOKMARK [2][-]{subsection.4.3.1}{Main Window}{section.4.3}% 102
\BOOKMARK [2][-]{subsection.4.3.2}{Tabs}{section.4.3}% 103
\BOOKMARK [2][-]{subsection.4.3.3}{Menu Bar}{section.4.3}% 104
\BOOKMARK [2][-]{subsection.4.3.4}{Tool Bar}{section.4.3}% 105
\BOOKMARK [2][-]{subsection.4.3.5}{SQL Connections}{section.4.3}% 106
\BOOKMARK [2][-]{subsection.4.3.6}{Validation}{section.4.3}% 107
\BOOKMARK [2][-]{subsection.4.3.7}{Main}{section.4.3}% 108
\BOOKMARK [1][-]{section.4.4}{Variable Listing}{chapter.4}% 109
\BOOKMARK [1][-]{section.4.5}{System Evidence}{chapter.4}% 110
\BOOKMARK [2][-]{subsection.4.5.1}{User Interface}{section.4.5}% 111
\BOOKMARK [2][-]{subsection.4.5.2}{ER Diagram}{section.4.5}% 112
\BOOKMARK [2][-]{subsection.4.5.3}{Database Table Views}{section.4.5}% 113
\BOOKMARK [2][-]{subsection.4.5.4}{Database SQL}{section.4.5}% 114
\BOOKMARK [2][-]{subsection.4.5.5}{SQL Queries}{section.4.5}% 115
\BOOKMARK [1][-]{section.4.6}{Testing}{chapter.4}% 116
\BOOKMARK [2][-]{subsection.4.6.1}{Summary of Results}{section.4.6}% 117
\BOOKMARK [2][-]{subsection.4.6.2}{Known Issues}{section.4.6}% 118
\BOOKMARK [1][-]{section.4.7}{Code Explanations}{chapter.4}% 119
\BOOKMARK [2][-]{subsection.4.7.1}{Difficult Sections}{section.4.7}% 120
\BOOKMARK [2][-]{subsection.4.7.2}{Self-created Algorithms}{section.4.7}% 121
\BOOKMARK [1][-]{section.4.8}{Settings}{chapter.4}% 122
\BOOKMARK [1][-]{section.4.9}{Acknowledgements}{chapter.4}% 123
\BOOKMARK [1][-]{section.4.10}{Code Listing}{chapter.4}% 124
\BOOKMARK [2][-]{subsection.4.10.1}{Main Window}{section.4.10}% 125
\BOOKMARK [2][-]{subsection.4.10.2}{Main Tabbed Widget}{section.4.10}% 126
\BOOKMARK [2][-]{subsection.4.10.3}{Menu Bar}{section.4.10}% 127
\BOOKMARK [2][-]{subsection.4.10.4}{Profile Widget}{section.4.10}% 128
\BOOKMARK [2][-]{subsection.4.10.5}{Profile Picture}{section.4.10}% 129
\BOOKMARK [2][-]{subsection.4.10.6}{Profile Toolbar}{section.4.10}% 130
\BOOKMARK [2][-]{subsection.4.10.7}{Profile SQL Connections}{section.4.10}% 131
\BOOKMARK [2][-]{subsection.4.10.8}{Tricks Widget}{section.4.10}% 132
\BOOKMARK [2][-]{subsection.4.10.9}{Tricks Toolbar}{section.4.10}% 133
\BOOKMARK [2][-]{subsection.4.10.10}{Tricks SQL Connections}{section.4.10}% 134
\BOOKMARK [2][-]{subsection.4.10.11}{Skateparks Widget}{section.4.10}% 135
\BOOKMARK [2][-]{subsection.4.10.12}{Skateparks Map}{section.4.10}% 136
\BOOKMARK [2][-]{subsection.4.10.13}{Skateparks Toolbar}{section.4.10}% 137
\BOOKMARK [2][-]{subsection.4.10.14}{Skateparks SQL Connections}{section.4.10}% 138
\BOOKMARK [2][-]{subsection.4.10.15}{Reviews Widget}{section.4.10}% 139
\BOOKMARK [2][-]{subsection.4.10.16}{Reviews Toolbar}{section.4.10}% 140
\BOOKMARK [2][-]{subsection.4.10.17}{Reviews SQL Connections}{section.4.10}% 141
\BOOKMARK [2][-]{subsection.4.10.18}{Support Widget}{section.4.10}% 142
\BOOKMARK [2][-]{subsection.4.10.19}{CLI Menu}{section.4.10}% 143
\BOOKMARK [2][-]{subsection.4.10.20}{CLI Get Menu Option}{section.4.10}% 144
\BOOKMARK [2][-]{subsection.4.10.21}{CLI Database Table Menu}{section.4.10}% 145
\BOOKMARK [2][-]{subsection.4.10.22}{CLI Create Database}{section.4.10}% 146
\BOOKMARK [2][-]{subsection.4.10.23}{CLI Profile Edit Options}{section.4.10}% 147
\BOOKMARK [2][-]{subsection.4.10.24}{CLI Trick Edit Options}{section.4.10}% 148
\BOOKMARK [2][-]{subsection.4.10.25}{CLI Skatepark Edit Options}{section.4.10}% 149
\BOOKMARK [2][-]{subsection.4.10.26}{CLI Review Edit Options}{section.4.10}% 150
\BOOKMARK [2][-]{subsection.4.10.27}{CLI Make New Difficulty}{section.4.10}% 151
\BOOKMARK [2][-]{subsection.4.10.28}{CLI Make New Product}{section.4.10}% 152
\BOOKMARK [0][-]{chapter.5}{User Manual}{}% 153
\BOOKMARK [1][-]{section.5.1}{Introduction}{chapter.5}% 154
\BOOKMARK [1][-]{section.5.2}{Installation}{chapter.5}% 155
\BOOKMARK [2][-]{subsection.5.2.1}{Prerequisite Installation}{section.5.2}% 156
\BOOKMARK [2][-]{subsection.5.2.2}{System Installation}{section.5.2}% 157
\BOOKMARK [2][-]{subsection.5.2.3}{Running the System}{section.5.2}% 158
\BOOKMARK [1][-]{section.5.3}{Tutorial}{chapter.5}% 159
\BOOKMARK [2][-]{subsection.5.3.1}{Introduction}{section.5.3}% 160
\BOOKMARK [2][-]{subsection.5.3.2}{Assumptions}{section.5.3}% 161
\BOOKMARK [2][-]{subsection.5.3.3}{Tutorial Questions}{section.5.3}% 162
\BOOKMARK [2][-]{subsection.5.3.4}{Saving}{section.5.3}% 163
\BOOKMARK [2][-]{subsection.5.3.5}{Limitations}{section.5.3}% 164
\BOOKMARK [1][-]{section.5.4}{Error Recovery}{chapter.5}% 165
\BOOKMARK [1][-]{section.5.5}{System Recovery}{chapter.5}% 166
\BOOKMARK [2][-]{subsection.5.5.1}{Backing-up Data}{section.5.5}% 167
\BOOKMARK [2][-]{subsection.5.5.2}{Restoring Data}{section.5.5}% 168
\BOOKMARK [0][-]{chapter.6}{Evaluation}{}% 169
\BOOKMARK [1][-]{section.6.1}{Customer Requirements}{chapter.6}% 170
\BOOKMARK [2][-]{subsection.6.1.1}{Objective Evaluation}{section.6.1}% 171
\BOOKMARK [1][-]{section.6.2}{Effectiveness}{chapter.6}% 172
\BOOKMARK [2][-]{subsection.6.2.1}{Fully Effective Solutions}{section.6.2}% 173
\BOOKMARK [2][-]{subsection.6.2.2}{Not Fully Effective Solutions}{section.6.2}% 174
\BOOKMARK [1][-]{section.6.3}{Learnability}{chapter.6}% 175
\BOOKMARK [1][-]{section.6.4}{Usability}{chapter.6}% 176
\BOOKMARK [2][-]{subsection.6.4.1}{Readability}{section.6.4}% 177
\BOOKMARK [2][-]{subsection.6.4.2}{Navigability}{section.6.4}% 178
\BOOKMARK [2][-]{subsection.6.4.3}{Ease of Use}{section.6.4}% 179
\BOOKMARK [1][-]{section.6.5}{Maintainability}{chapter.6}% 180
\BOOKMARK [2][-]{subsection.6.5.1}{Fixing Bugs}{section.6.5}% 181
\BOOKMARK [2][-]{subsection.6.5.2}{Changing Parameters}{section.6.5}% 182
\BOOKMARK [2][-]{subsection.6.5.3}{Responding to New Requirements}{section.6.5}% 183
\BOOKMARK [2][-]{subsection.6.5.4}{Google Maps API}{section.6.5}% 184
\BOOKMARK [1][-]{section.6.6}{Suggestions for Improvement}{chapter.6}% 185
\BOOKMARK [2][-]{subsection.6.6.1}{Aesthetic Improvements}{section.6.6}% 186
\BOOKMARK [2][-]{subsection.6.6.2}{Completion of the Reviews Section}{section.6.6}% 187
\BOOKMARK [2][-]{subsection.6.6.3}{Video Filtering Capabilities}{section.6.6}% 188
\BOOKMARK [2][-]{subsection.6.6.4}{Current Location Data}{section.6.6}% 189
\BOOKMARK [2][-]{subsection.6.6.5}{Route Mapping Functionality in Google Maps}{section.6.6}% 190
\BOOKMARK [2][-]{subsection.6.6.6}{Trick Filtering Capabilities}{section.6.6}% 191
\BOOKMARK [2][-]{subsection.6.6.7}{Checkboxes Inside Tricks Table}{section.6.6}% 192
\BOOKMARK [2][-]{subsection.6.6.8}{Trick Searching Capabilities}{section.6.6}% 193
\BOOKMARK [2][-]{subsection.6.6.9}{Multi-User Platform}{section.6.6}% 194
\BOOKMARK [2][-]{subsection.6.6.10}{Multi-Device Platform}{section.6.6}% 195
\BOOKMARK [2][-]{subsection.6.6.11}{Spelling Correction}{section.6.6}% 196
\BOOKMARK [1][-]{section.6.7}{End User Evidence}{chapter.6}% 197
\BOOKMARK [2][-]{subsection.6.7.1}{Questionnaires}{section.6.7}% 198
\BOOKMARK [2][-]{subsection.6.7.2}{Graphs}{section.6.7}% 199
\BOOKMARK [2][-]{subsection.6.7.3}{Written Statements}{section.6.7}% 200
